<?xml version="1.0" encoding="UTF-8" ?>
<testsuite tests="28" failures="0" name="TestSuite" time="1.108" errors="0" skipped="0">
  <properties>
[...]
</properties>
  <testcase classname="com.yahoo.ycsb.TestByteIterator" name="testRandomByteIterator" time="0.007"/>
  <testcase classname="com.yahoo.ycsb.TestNumericByteIterator" name="testDouble" time="0"/>
  <testcase classname="com.yahoo.ycsb.TestNumericByteIterator" name="testLong" time="0"/>
  <testcase classname="com.yahoo.ycsb.TestStatus" name="testAcceptableStatus" time="0.001"/>
  <testcase classname="com.yahoo.ycsb.TestUtils" name="bytesToDoubleTooShort" time="0.001"/>
  <testcase classname="com.yahoo.ycsb.TestUtils" name="bytesToFromDouble" time="0"/>
  <testcase classname="com.yahoo.ycsb.TestUtils" name="bytesToFromLong" time="0"/>
  <testcase classname="com.yahoo.ycsb.TestUtils" name="bytesToLongNull" time="0"/>
  <testcase classname="com.yahoo.ycsb.TestUtils" name="bytesToLongTooShort" time="0"/>
  <testcase classname="com.yahoo.ycsb.TestUtils" name="jvmUtils" time="0.009"/>
  <testcase classname="com.yahoo.ycsb.generator.AcknowledgedCounterGeneratorTest" name="testIncrementPastIntegerMaxValue" time="0.409"/>
  <testcase classname="com.yahoo.ycsb.generator.TestIncrementingPrintableStringGenerator" name="invalidCharacterSets" time="0.001"/>
  <testcase classname="com.yahoo.ycsb.generator.TestIncrementingPrintableStringGenerator" name="invalidLengths" time="0"/>
  <testcase classname="com.yahoo.ycsb.generator.TestIncrementingPrintableStringGenerator" name="rolloverException" time="0"/>
  <testcase classname="com.yahoo.ycsb.generator.TestIncrementingPrintableStringGenerator" name="rolloverOK" time="0"/>
  <testcase classname="com.yahoo.ycsb.generator.TestIncrementingPrintableStringGenerator" name="rolloverOneCharacterException" time="0"/>
  <testcase classname="com.yahoo.ycsb.generator.TestIncrementingPrintableStringGenerator" name="rolloverOneCharacterOK" time="0"/>
  <testcase classname="com.yahoo.ycsb.generator.TestRandomDiscreteTimestampGenerator" name="systemTime" time="0.001"/>
  <testcase classname="com.yahoo.ycsb.generator.TestRandomDiscreteTimestampGenerator" name="tooLarge" time="0.015"/>
  <testcase classname="com.yahoo.ycsb.generator.TestRandomDiscreteTimestampGenerator" name="withStartTime" time="0.001"/>
  <testcase classname="com.yahoo.ycsb.generator.TestUnixEpochTimestampGenerator" name="ctorWithIntervalAndUnits" time="0"/>
  <testcase classname="com.yahoo.ycsb.generator.TestUnixEpochTimestampGenerator" name="ctorWithIntervalAndUnitsAndStart" time="0"/>
  <testcase classname="com.yahoo.ycsb.generator.TestUnixEpochTimestampGenerator" name="defaultCtor" time="0.001"/>
  <testcase classname="com.yahoo.ycsb.generator.TestUnixEpochTimestampGenerator" name="variousIntervalsAndUnits" time="0"/>
  <testcase classname="com.yahoo.ycsb.generator.TestZipfianGenerator" name="testMinAndMaxParameter" time="0.007"/>
  <testcase classname="com.yahoo.ycsb.measurements.exporter.TestMeasurementsExporter" name="testJSONArrayMeasurementsExporter" time="0.217"/>
  <testcase classname="com.yahoo.ycsb.workloads.TestCoreWorkload" name="createOperationChooser" time="0.008"/>
  <testcase classname="com.yahoo.ycsb.workloads.TestCoreWorkload" name="createOperationChooserNullProperties" time="0"/>
</testsuite>